<?xml version="1.0" encoding="UTF-8"?>
<testng-results ignored="0" total="1" passed="1" failed="0" skipped="0">
  <reporter-output>
  </reporter-output>
  <suite started-at="2023-09-07T13:04:42 AEST" name="Default suite" finished-at="2023-09-07T13:04:51 AEST" duration-ms="9211">
    <groups>
    </groups>
    <test started-at="2023-09-07T13:04:42 AEST" name="Default test" finished-at="2023-09-07T13:04:51 AEST" duration-ms="9211">
      <class name="vtigerpracticepakage.CreateOrg">
        <test-method signature="createOrg()[pri:0, instance:vtigerpracticepakage.CreateOrg@7133da86]" started-at="2023-09-07T13:04:42 AEST" name="createOrg" finished-at="2023-09-07T13:04:51 AEST" duration-ms="9183" status="PASS">
          <reporter-output>
          </reporter-output>
        </test-method> <!-- createOrg -->
      </class> <!-- vtigerpracticepakage.CreateOrg -->
    </test> <!-- Default test -->
  </suite> <!-- Default suite -->
</testng-results>
